<?xml version="1.0" encoding="UTF-8"?>
<!-- Generated by org.testng.reporters.JUnitReportReporter -->
<testsuite hostname="DESKTOP-2JH3FP6" failures="0" tests="2" name="neoStoxTest.ValidateNeoStoxAccBalance2" time="24.192" errors="0" timestamp="2022-12-15T16:35:54 IST" skipped="0">
  <testcase classname="neoStoxTest.ValidateNeoStoxAccBalance2" name="validateUserID" time="10.108"/>
  <system-out>
    <![CDATA[waiting for1000ms
getting actual user name
Actual user name is Akshay Nangare
ReadingUserNamefrom property file
waiting for1000ms
getting actual user name
Actual user name is Akshay Nangare
taking screenshot
TC validateUserID is completed successfuly]]>
  </system-out>
  <testcase classname="neoStoxTest.ValidateNeoStoxAccBalance2" name="validateAccBalance" time="14.084"/>
  <system-out>
    <![CDATA[waiting for1000ms
getting accBalance 
Account Balance is Rs.5,00,000.00
taking screenshot
TC validateAccBalance is completed successfuly]]>
  </system-out>
</testsuite> <!-- neoStoxTest.ValidateNeoStoxAccBalance2 -->
