<?xml version="1.0" encoding="UTF-8"?>
<!-- Generated by org.testng.reporters.JUnitReportReporter -->
<testsuite hostname="DESKTOP-2JH3FP6" failures="0" tests="2" name="neoStoxTest.ValidateNeoStoxAccBalance2" time="36.757" errors="0" timestamp="2022-12-22T16:29:10 IST" skipped="0">
  <testcase classname="neoStoxTest.ValidateNeoStoxAccBalance2" name="validateUserID" time="17.171"/>
  <system-out/>
  <testcase classname="neoStoxTest.ValidateNeoStoxAccBalance2" name="validateAccBalance" time="19.586"/>
  <system-out/>
</testsuite> <!-- neoStoxTest.ValidateNeoStoxAccBalance2 -->
