<?xml version="1.0" encoding="UTF-8"?>
<!-- Generated by org.testng.reporters.JUnitReportReporter -->
<testsuite hostname="DESKTOP-2JH3FP6" failures="0" tests="2" name="neoStoxTest.ValidateNeoStoxAccBalance2" time="40.856" errors="0" timestamp="2022-12-22T18:04:42 IST" skipped="0">
  <testcase classname="neoStoxTest.ValidateNeoStoxAccBalance2" name="validateUserID" time="19.039"/>
  <system-out/>
  <testcase classname="neoStoxTest.ValidateNeoStoxAccBalance2" name="validateAccBalance" time="21.817"/>
  <system-out/>
</testsuite> <!-- neoStoxTest.ValidateNeoStoxAccBalance2 -->
